{
  "RSpec": {
    "coverage": {
      "/Users/russellvaughan/dev-training/ruby-client/lib/gosquared.rb": [
        1,
        1,
        1,
        1,
        1,
        null,
        1,
        null,
        1,
        0,
        0,
        null,
        null,
        1,
        0,
        null,
        null,
        1,
        0,
        null,
        null,
        1,
        0,
        null,
        null,
        1,
        0,
        null,
        null,
        1,
        0,
        null,
        null,
        null
      ],
      "/Users/russellvaughan/dev-training/ruby-client/lib/gosquared/trends.rb": [
        1,
        1,
        null,
        1,
        1,
        1,
        null,
        null,
        1,
        28,
        28,
        28,
        null,
        null,
        1,
        14,
        28,
        28,
        null,
        null,
        null,
        1,
        7,
        98,
        98,
        null,
        null,
        null,
        1,
        28,
        224,
        28,
        null,
        null,
        1,
        null,
        1,
        28,
        28,
        224,
        28,
        28,
        null,
        null
      ],
      "/Users/russellvaughan/dev-training/ruby-client/lib/gosquared/client.rb": [
        1,
        1,
        1,
        null,
        1,
        null,
        1,
        74,
        74,
        74,
        null,
        null,
        7,
        7,
        7,
        null,
        7,
        7,
        null,
        null,
        74,
        null,
        null,
        1,
        16,
        16,
        16,
        9,
        9,
        9,
        9,
        null,
        null,
        7,
        7,
        7,
        null,
        7,
        7,
        null,
        null,
        16,
        16,
        null,
        null,
        1,
        7,
        7,
        7,
        0,
        0,
        0,
        0,
        null,
        null,
        7,
        7,
        7,
        null,
        7,
        7,
        null,
        null,
        7,
        7,
        null,
        null,
        null
      ],
      "/Users/russellvaughan/dev-training/ruby-client/lib/gosquared/tracking.rb": [
        1,
        1,
        null,
        1,
        1,
        null,
        1,
        7,
        7,
        7,
        null,
        null,
        1,
        7,
        7,
        7,
        7,
        null,
        null,
        null,
        1,
        7,
        7,
        7,
        null,
        null,
        1,
        7,
        null,
        null,
        null
      ],
      "/Users/russellvaughan/dev-training/ruby-client/lib/gosquared/people.rb": [
        1,
        1,
        null,
        1,
        1,
        1,
        1,
        null,
        null,
        1,
        13,
        13,
        13,
        13,
        13,
        null,
        null,
        1,
        6,
        13,
        13,
        13,
        null,
        null,
        null,
        1,
        8,
        6,
        6,
        null,
        null,
        null,
        1,
        1,
        1,
        1,
        null,
        null,
        1,
        13,
        117,
        13,
        null,
        null,
        1,
        13,
        13,
        null,
        117,
        13,
        13,
        null,
        null,
        null
      ],
      "/Users/russellvaughan/dev-training/ruby-client/lib/gosquared/now.rb": [
        1,
        1,
        null,
        1,
        1,
        null,
        1,
        null,
        null,
        null,
        null,
        null,
        1,
        16,
        16,
        16,
        null,
        null,
        null,
        1,
        15,
        16,
        16,
        null,
        null,
        null,
        1,
        13,
        1,
        1,
        null,
        null,
        null,
        1,
        16,
        224,
        16,
        null,
        null,
        1,
        null,
        1,
        16,
        16,
        224,
        16,
        16,
        null,
        null,
        null
      ],
      "/Users/russellvaughan/dev-training/ruby-client/lib/gosquared/account.rb": [
        1,
        null,
        1,
        null,
        1,
        1,
        1,
        1,
        null,
        1,
        12,
        12,
        12,
        12,
        12,
        12,
        12,
        null,
        null,
        1,
        4,
        1,
        1,
        null,
        null,
        null,
        1,
        8,
        12,
        12,
        12,
        null,
        null,
        null,
        1,
        4,
        2,
        2,
        null,
        null,
        null,
        1,
        10,
        50,
        10,
        null,
        null,
        1,
        1,
        5,
        1,
        null,
        null,
        1,
        1,
        5,
        1,
        null,
        null,
        1,
        0,
        null,
        null,
        1,
        2,
        2,
        null,
        null,
        1,
        1,
        1,
        null,
        null,
        1,
        12,
        12,
        null,
        60,
        12,
        12,
        null,
        null,
        null
      ],
      "/Users/russellvaughan/dev-training/ruby-client/spec/account_spec.rb": [
        1,
        13,
        null,
        1,
        8,
        96,
        null,
        null,
        96,
        null,
        null,
        null,
        1,
        8,
        8,
        8,
        null,
        null,
        null,
        1,
        12,
        null,
        null,
        12,
        null,
        null,
        1,
        1,
        1,
        null,
        null,
        1,
        null,
        null,
        null,
        12,
        null,
        null,
        null,
        12,
        null,
        null,
        1,
        1,
        1,
        null,
        null,
        1,
        1,
        1,
        null,
        null,
        1,
        12,
        null,
        null,
        12,
        null,
        null,
        1,
        1,
        1,
        null,
        null,
        null,
        null,
        null
      ],
      "/Users/russellvaughan/dev-training/ruby-client/spec/client_spec.rb": [
        1,
        1,
        1,
        null,
        1,
        22,
        null,
        1,
        null,
        null,
        1,
        5,
        5,
        5,
        10,
        null,
        null,
        null,
        1,
        1,
        1,
        2,
        null,
        null,
        1,
        1,
        1,
        2,
        null,
        null,
        1,
        5,
        5,
        5,
        10,
        null,
        null,
        null,
        1,
        1,
        1,
        2,
        null,
        null,
        1,
        1,
        1,
        2,
        null,
        null,
        1,
        5,
        5,
        5,
        10,
        null,
        null,
        null,
        1,
        1,
        1,
        2,
        null,
        null,
        1,
        1,
        1,
        2,
        null,
        null,
        null
      ],
      "/Users/russellvaughan/dev-training/ruby-client/spec/now_spec.rb": [
        1,
        17,
        null,
        1,
        15,
        240,
        null,
        null,
        240,
        null,
        null,
        null,
        1,
        15,
        15,
        15,
        null,
        null,
        null,
        1,
        16,
        null,
        null,
        16,
        null,
        null,
        1,
        1,
        1,
        null,
        null,
        null
      ],
      "/Users/russellvaughan/dev-training/ruby-client/spec/people_spec.rb": [
        1,
        14,
        null,
        1,
        6,
        78,
        null,
        null,
        null,
        78,
        null,
        null,
        null,
        1,
        6,
        6,
        6,
        null,
        null,
        null,
        1,
        13,
        null,
        null,
        13,
        null,
        null,
        1,
        1,
        1,
        null,
        null,
        null,
        1,
        6,
        78,
        null,
        null,
        78,
        null,
        null,
        null,
        1,
        6,
        6,
        6,
        null,
        null,
        null,
        null,
        null
      ],
      "/Users/russellvaughan/dev-training/ruby-client/spec/tracking_spec.rb": [
        1,
        8,
        null,
        1,
        7,
        null,
        null,
        null,
        49,
        null,
        null,
        null,
        1,
        7,
        7,
        null,
        7,
        null,
        null,
        null,
        null
      ],
      "/Users/russellvaughan/dev-training/ruby-client/spec/trends_spec.rb": [
        1,
        29,
        null,
        1,
        14,
        392,
        null,
        null,
        392,
        null,
        null,
        null,
        1,
        14,
        14,
        14,
        null,
        null,
        null,
        1,
        14,
        392,
        null,
        null,
        392,
        null,
        null,
        null,
        1,
        14,
        null,
        14,
        14,
        null,
        null,
        null,
        null
      ]
    },
    "timestamp": 1468344166
  }
}
